1589 [background-preinit] INFO  o.h.validator.internal.util.Version –HV000001: Hibernate Validator 6.1.7.Final
1597 [restartedMain] INFO  com.example.demo.JavaApplication –Starting JavaApplication using Java 15.0.2 on Best-Komp with PID 9744 (C:\Users\Admin\IdeaProjects\pr24\target\classes started by Admin in C:\Users\Admin\IdeaProjects\pr24)
1599 [restartedMain] INFO  com.example.demo.JavaApplication –No active profile set, falling back to default profiles: default
1669 [restartedMain] INFO  o.s.b.d.e.DevToolsPropertyDefaultsPostProcessor –Devtools property defaults active! Set 'spring.devtools.add-properties' to 'false' to disable
1670 [restartedMain] INFO  o.s.b.d.e.DevToolsPropertyDefaultsPostProcessor –For additional web related logging consider setting the 'logging.level.web' property to 'DEBUG'
2897 [restartedMain] INFO  o.s.d.r.c.RepositoryConfigurationDelegate –Bootstrapping Spring Data JPA repositories in DEFAULT mode.
2964 [restartedMain] INFO  o.s.d.r.c.RepositoryConfigurationDelegate –Finished Spring Data repository scanning in 59 ms. Found 3 JPA repository interfaces.
3633 [restartedMain] INFO  o.s.b.w.e.tomcat.TomcatWebServer –Tomcat initialized with port(s): 8080 (http)
3647 [restartedMain] INFO  o.a.coyote.http11.Http11NioProtocol –Initializing ProtocolHandler ["http-nio-8080"]
3648 [restartedMain] INFO  o.a.catalina.core.StandardService –Starting service [Tomcat]
3648 [restartedMain] INFO  o.a.catalina.core.StandardEngine –Starting Servlet engine: [Apache Tomcat/9.0.44]
3773 [restartedMain] INFO  o.a.c.c.C.[Tomcat].[localhost].[/] –Initializing Spring embedded WebApplicationContext
3773 [restartedMain] INFO  o.s.b.w.s.c.ServletWebServerApplicationContext –Root WebApplicationContext: initialization completed in 2101 ms
4015 [restartedMain] INFO  o.h.jpa.internal.util.LogHelper –HHH000204: Processing PersistenceUnitInfo [name: default]
4052 [restartedMain] INFO  org.hibernate.Version –HHH000412: Hibernate ORM core version 5.4.29.Final
4169 [restartedMain] INFO  o.h.annotations.common.Version –HCANN000001: Hibernate Commons Annotations {5.1.2.Final}
4253 [restartedMain] INFO  com.zaxxer.hikari.HikariDataSource –HikariPool-1 - Starting...
4407 [restartedMain] INFO  com.zaxxer.hikari.HikariDataSource –HikariPool-1 - Start completed.
4419 [restartedMain] INFO  org.hibernate.dialect.Dialect –HHH000400: Using dialect: org.hibernate.dialect.PostgreSQLDialect
5259 [restartedMain] INFO  o.h.e.t.j.p.i.JtaPlatformInitiator –HHH000490: Using JtaPlatform implementation: [org.hibernate.engine.transaction.jta.platform.internal.NoJtaPlatform]
5268 [restartedMain] INFO  o.s.o.j.LocalContainerEntityManagerFactoryBean –Initialized JPA EntityManagerFactory for persistence unit 'default'
5412 [restartedMain] INFO  o.s.b.d.a.OptionalLiveReloadServer –LiveReload server is running on port 35729
5879 [restartedMain] WARN  o.s.b.a.o.j.JpaBaseConfiguration$JpaWebConfiguration –spring.jpa.open-in-view is enabled by default. Therefore, database queries may be performed during view rendering. Explicitly configure spring.jpa.open-in-view to disable this warning
6068 [restartedMain] INFO  o.s.s.w.DefaultSecurityFilterChain –Will secure any request with [org.springframework.security.web.context.request.async.WebAsyncManagerIntegrationFilter@5c92282e, org.springframework.security.web.context.SecurityContextPersistenceFilter@1e24736b, org.springframework.security.web.header.HeaderWriterFilter@1e298641, org.springframework.security.web.authentication.logout.LogoutFilter@31bf5e6d, org.springframework.security.web.authentication.UsernamePasswordAuthenticationFilter@fcc4f36, org.springframework.security.web.authentication.ui.DefaultLoginPageGeneratingFilter@421106ae, org.springframework.security.web.authentication.ui.DefaultLogoutPageGeneratingFilter@4ea7a3ac, org.springframework.security.web.savedrequest.RequestCacheAwareFilter@55e247ee, org.springframework.security.web.servletapi.SecurityContextHolderAwareRequestFilter@565ce6e9, org.springframework.security.web.authentication.AnonymousAuthenticationFilter@505b12a2, org.springframework.security.web.session.SessionManagementFilter@79b5e6c1, org.springframework.security.web.access.ExceptionTranslationFilter@4f88cb99, org.springframework.security.web.access.intercept.FilterSecurityInterceptor@27d09f25]
6208 [restartedMain] INFO  o.s.s.c.ThreadPoolTaskExecutor –Initializing ExecutorService 'applicationTaskExecutor'
6660 [restartedMain] INFO  o.s.b.a.e.web.EndpointLinksResolver –Exposing 2 endpoint(s) beneath base path '/actuator'
6716 [restartedMain] INFO  o.a.coyote.http11.Http11NioProtocol –Starting ProtocolHandler ["http-nio-8080"]
6738 [restartedMain] INFO  o.s.b.w.e.tomcat.TomcatWebServer –Tomcat started on port(s): 8080 (http) with context path ''
6760 [restartedMain] INFO  o.s.s.a.ScheduledAnnotationBeanPostProcessor –No TaskScheduler/ScheduledExecutorService bean found for scheduled processing
6770 [restartedMain] INFO  com.example.demo.JavaApplication –Started JavaApplication in 5.828 seconds (JVM running for 9.264)
6774 [pool-1-thread-1] INFO  com.example.demo.log.Aspect –Parameters: {}
6782 [pool-1-thread-1] INFO  c.example.demo.service.bankService –Found all banks
6890 [pool-1-thread-1] INFO  com.example.demo.log.Aspect –Parameters: {}
6896 [pool-1-thread-1] INFO  c.example.demo.service.cardService –Found all cards
38267 [http-nio-8080-exec-1] INFO  o.a.c.c.C.[Tomcat].[localhost].[/] –Initializing Spring DispatcherServlet 'dispatcherServlet'
38267 [http-nio-8080-exec-1] INFO  o.s.web.servlet.DispatcherServlet –Initializing Servlet 'dispatcherServlet'
38268 [http-nio-8080-exec-1] INFO  o.s.web.servlet.DispatcherServlet –Completed initialization in 1 ms
999  [background-preinit] INFO  o.h.validator.internal.util.Version –HV000001: Hibernate Validator 6.1.7.Final
1006 [restartedMain] INFO  com.example.demo.JavaApplication –Starting JavaApplication using Java 15.0.2 on Best-Komp with PID 9504 (C:\Users\Admin\IdeaProjects\pr24\target\classes started by Admin in C:\Users\Admin\IdeaProjects\pr24)
1007 [restartedMain] INFO  com.example.demo.JavaApplication –No active profile set, falling back to default profiles: default
1081 [restartedMain] INFO  o.s.b.d.e.DevToolsPropertyDefaultsPostProcessor –Devtools property defaults active! Set 'spring.devtools.add-properties' to 'false' to disable
1082 [restartedMain] INFO  o.s.b.d.e.DevToolsPropertyDefaultsPostProcessor –For additional web related logging consider setting the 'logging.level.web' property to 'DEBUG'
2603 [restartedMain] INFO  o.s.d.r.c.RepositoryConfigurationDelegate –Bootstrapping Spring Data JPA repositories in DEFAULT mode.
2685 [restartedMain] INFO  o.s.d.r.c.RepositoryConfigurationDelegate –Finished Spring Data repository scanning in 73 ms. Found 3 JPA repository interfaces.
3549 [restartedMain] INFO  o.s.b.w.e.tomcat.TomcatWebServer –Tomcat initialized with port(s): 8080 (http)
3560 [restartedMain] INFO  o.a.coyote.http11.Http11NioProtocol –Initializing ProtocolHandler ["http-nio-8080"]
3561 [restartedMain] INFO  o.a.catalina.core.StandardService –Starting service [Tomcat]
3561 [restartedMain] INFO  o.a.catalina.core.StandardEngine –Starting Servlet engine: [Apache Tomcat/9.0.44]
3670 [restartedMain] INFO  o.a.c.c.C.[Tomcat].[localhost].[/] –Initializing Spring embedded WebApplicationContext
3671 [restartedMain] INFO  o.s.b.w.s.c.ServletWebServerApplicationContext –Root WebApplicationContext: initialization completed in 2588 ms
4027 [restartedMain] INFO  o.h.jpa.internal.util.LogHelper –HHH000204: Processing PersistenceUnitInfo [name: default]
4103 [restartedMain] INFO  org.hibernate.Version –HHH000412: Hibernate ORM core version 5.4.29.Final
4275 [restartedMain] INFO  o.h.annotations.common.Version –HCANN000001: Hibernate Commons Annotations {5.1.2.Final}
4376 [restartedMain] INFO  com.zaxxer.hikari.HikariDataSource –HikariPool-1 - Starting...
4655 [restartedMain] INFO  com.zaxxer.hikari.HikariDataSource –HikariPool-1 - Start completed.
4671 [restartedMain] INFO  org.hibernate.dialect.Dialect –HHH000400: Using dialect: org.hibernate.dialect.PostgreSQLDialect
5677 [restartedMain] INFO  o.h.e.t.j.p.i.JtaPlatformInitiator –HHH000490: Using JtaPlatform implementation: [org.hibernate.engine.transaction.jta.platform.internal.NoJtaPlatform]
5687 [restartedMain] INFO  o.s.o.j.LocalContainerEntityManagerFactoryBean –Initialized JPA EntityManagerFactory for persistence unit 'default'
5891 [restartedMain] INFO  o.s.b.d.a.OptionalLiveReloadServer –LiveReload server is running on port 35729
6443 [restartedMain] WARN  o.s.b.a.o.j.JpaBaseConfiguration$JpaWebConfiguration –spring.jpa.open-in-view is enabled by default. Therefore, database queries may be performed during view rendering. Explicitly configure spring.jpa.open-in-view to disable this warning
6683 [restartedMain] INFO  o.s.s.w.DefaultSecurityFilterChain –Will secure any request with [org.springframework.security.web.context.request.async.WebAsyncManagerIntegrationFilter@cf770ec, org.springframework.security.web.context.SecurityContextPersistenceFilter@391a3069, org.springframework.security.web.header.HeaderWriterFilter@5d5bf5cc, org.springframework.security.web.authentication.logout.LogoutFilter@4084a617, org.springframework.security.web.authentication.UsernamePasswordAuthenticationFilter@103c9abb, org.springframework.security.web.authentication.ui.DefaultLoginPageGeneratingFilter@ee6cb89, org.springframework.security.web.authentication.ui.DefaultLogoutPageGeneratingFilter@45541271, org.springframework.security.web.savedrequest.RequestCacheAwareFilter@233037ab, org.springframework.security.web.servletapi.SecurityContextHolderAwareRequestFilter@4d11217d, org.springframework.security.web.authentication.AnonymousAuthenticationFilter@65438fa2, org.springframework.security.web.session.SessionManagementFilter@9f45e0f, org.springframework.security.web.access.ExceptionTranslationFilter@8392acf, org.springframework.security.web.access.intercept.FilterSecurityInterceptor@4360f10e]
6847 [restartedMain] INFO  o.s.s.c.ThreadPoolTaskExecutor –Initializing ExecutorService 'applicationTaskExecutor'
7382 [restartedMain] INFO  o.s.b.a.e.web.EndpointLinksResolver –Exposing 2 endpoint(s) beneath base path '/actuator'
7448 [restartedMain] INFO  o.a.coyote.http11.Http11NioProtocol –Starting ProtocolHandler ["http-nio-8080"]
7475 [restartedMain] INFO  o.s.b.w.e.tomcat.TomcatWebServer –Tomcat started on port(s): 8080 (http) with context path ''
7502 [restartedMain] INFO  o.s.s.a.ScheduledAnnotationBeanPostProcessor –No TaskScheduler/ScheduledExecutorService bean found for scheduled processing
7515 [restartedMain] INFO  com.example.demo.JavaApplication –Started JavaApplication in 6.956 seconds (JVM running for 10.434)
7522 [pool-1-thread-1] INFO  com.example.demo.log.Aspect –Parameters: {}
7532 [pool-1-thread-1] INFO  c.example.demo.service.bankService –Found all banks
7681 [RMI TCP Connection(1)-172.18.33.49] INFO  o.a.c.c.C.[Tomcat].[localhost].[/] –Initializing Spring DispatcherServlet 'dispatcherServlet'
7682 [RMI TCP Connection(1)-172.18.33.49] INFO  o.s.web.servlet.DispatcherServlet –Initializing Servlet 'dispatcherServlet'
7698 [RMI TCP Connection(1)-172.18.33.49] INFO  o.s.web.servlet.DispatcherServlet –Completed initialization in 16 ms
7746 [pool-1-thread-1] INFO  com.example.demo.log.Aspect –Parameters: {}
7755 [pool-1-thread-1] INFO  c.example.demo.service.cardService –Found all cards
50240 [SpringContextShutdownHook] INFO  o.s.s.c.ThreadPoolTaskExecutor –Shutting down ExecutorService 'applicationTaskExecutor'
50245 [SpringContextShutdownHook] INFO  o.s.o.j.LocalContainerEntityManagerFactoryBean –Closing JPA EntityManagerFactory for persistence unit 'default'
50250 [SpringContextShutdownHook] INFO  com.zaxxer.hikari.HikariDataSource –HikariPool-1 - Shutdown initiated...
50255 [SpringContextShutdownHook] INFO  com.zaxxer.hikari.HikariDataSource –HikariPool-1 - Shutdown completed.
214  [main] INFO  c.example.demo.service.cardService –Added new card Card(id=null, cardNumber=0, code=6854654, bank=null)
647  [main] INFO  o.s.b.t.c.SpringBootTestContextBootstrapper –Neither @ContextConfiguration nor @ContextHierarchy found for test class [com.example.demo.JavaApplicationTests], using SpringBootContextLoader
663  [main] INFO  o.s.t.c.s.AbstractContextLoader –Could not detect default resource locations for test class [com.example.demo.JavaApplicationTests]: no resource found for suffixes {-context.xml, Context.groovy}.
665  [main] INFO  o.s.t.c.s.AnnotationConfigContextLoaderUtils –Could not detect default configuration classes for test class [com.example.demo.JavaApplicationTests]: JavaApplicationTests does not declare any static, non-private, non-final, nested classes annotated with @Configuration.
978  [main] INFO  o.s.b.t.c.SpringBootTestContextBootstrapper –Found @SpringBootConfiguration com.example.demo.JavaApplication for test class com.example.demo.JavaApplicationTests
1140 [main] INFO  o.s.b.t.c.SpringBootTestContextBootstrapper –Loaded default TestExecutionListener class names from location [META-INF/spring.factories]: [org.springframework.boot.test.mock.mockito.MockitoTestExecutionListener, org.springframework.boot.test.mock.mockito.ResetMocksTestExecutionListener, org.springframework.boot.test.autoconfigure.restdocs.RestDocsTestExecutionListener, org.springframework.boot.test.autoconfigure.web.client.MockRestServiceServerResetTestExecutionListener, org.springframework.boot.test.autoconfigure.web.servlet.MockMvcPrintOnlyOnFailureTestExecutionListener, org.springframework.boot.test.autoconfigure.web.servlet.WebDriverTestExecutionListener, org.springframework.boot.test.autoconfigure.webservices.client.MockWebServiceServerTestExecutionListener, org.springframework.test.context.web.ServletTestExecutionListener, org.springframework.test.context.support.DirtiesContextBeforeModesTestExecutionListener, org.springframework.test.context.event.ApplicationEventsTestExecutionListener, org.springframework.test.context.support.DependencyInjectionTestExecutionListener, org.springframework.test.context.support.DirtiesContextTestExecutionListener, org.springframework.test.context.transaction.TransactionalTestExecutionListener, org.springframework.test.context.jdbc.SqlScriptsTestExecutionListener, org.springframework.test.context.event.EventPublishingTestExecutionListener]
1164 [main] INFO  o.s.b.t.c.SpringBootTestContextBootstrapper –Using TestExecutionListeners: [org.springframework.test.context.web.ServletTestExecutionListener@2002348, org.springframework.test.context.support.DirtiesContextBeforeModesTestExecutionListener@5911e990, org.springframework.test.context.event.ApplicationEventsTestExecutionListener@31000e60, org.springframework.boot.test.mock.mockito.MockitoTestExecutionListener@1d470d0, org.springframework.boot.test.autoconfigure.SpringBootDependencyInjectionTestExecutionListener@24d09c1, org.springframework.test.context.support.DirtiesContextTestExecutionListener@54c62d71, org.springframework.test.context.transaction.TransactionalTestExecutionListener@65045a87, org.springframework.test.context.jdbc.SqlScriptsTestExecutionListener@47f4e407, org.springframework.test.context.event.EventPublishingTestExecutionListener@2d1dee39, org.springframework.boot.test.mock.mockito.ResetMocksTestExecutionListener@48d5f34e, org.springframework.boot.test.autoconfigure.restdocs.RestDocsTestExecutionListener@fc258b1, org.springframework.boot.test.autoconfigure.web.client.MockRestServiceServerResetTestExecutionListener@6ff65192, org.springframework.boot.test.autoconfigure.web.servlet.MockMvcPrintOnlyOnFailureTestExecutionListener@2dd80673, org.springframework.boot.test.autoconfigure.web.servlet.WebDriverTestExecutionListener@4af0df05, org.springframework.boot.test.autoconfigure.webservices.client.MockWebServiceServerTestExecutionListener@57ea113a]
1770 [main] INFO  c.example.demo.JavaApplicationTests –Starting JavaApplicationTests using Java 15.0.2 on Best-Komp with PID 2968 (started by Admin in C:\Users\Admin\IdeaProjects\pr24)
1774 [main] INFO  c.example.demo.JavaApplicationTests –No active profile set, falling back to default profiles: default
1773 [background-preinit] INFO  o.h.validator.internal.util.Version –HV000001: Hibernate Validator 6.1.7.Final
3967 [main] INFO  o.s.d.r.c.RepositoryConfigurationDelegate –Bootstrapping Spring Data JPA repositories in DEFAULT mode.
4102 [main] INFO  o.s.d.r.c.RepositoryConfigurationDelegate –Finished Spring Data repository scanning in 122 ms. Found 3 JPA repository interfaces.
5714 [main] INFO  o.h.jpa.internal.util.LogHelper –HHH000204: Processing PersistenceUnitInfo [name: default]
5821 [main] INFO  org.hibernate.Version –HHH000412: Hibernate ORM core version 5.4.29.Final
6065 [main] INFO  o.h.annotations.common.Version –HCANN000001: Hibernate Commons Annotations {5.1.2.Final}
6346 [main] INFO  com.zaxxer.hikari.HikariDataSource –HikariPool-1 - Starting...
6755 [main] INFO  com.zaxxer.hikari.HikariDataSource –HikariPool-1 - Start completed.
6778 [main] INFO  org.hibernate.dialect.Dialect –HHH000400: Using dialect: org.hibernate.dialect.PostgreSQLDialect
8096 [main] INFO  o.h.e.t.j.p.i.JtaPlatformInitiator –HHH000490: Using JtaPlatform implementation: [org.hibernate.engine.transaction.jta.platform.internal.NoJtaPlatform]
8108 [main] INFO  o.s.o.j.LocalContainerEntityManagerFactoryBean –Initialized JPA EntityManagerFactory for persistence unit 'default'
9224 [main] WARN  o.s.b.a.o.j.JpaBaseConfiguration$JpaWebConfiguration –spring.jpa.open-in-view is enabled by default. Therefore, database queries may be performed during view rendering. Explicitly configure spring.jpa.open-in-view to disable this warning
10151 [main] INFO  o.s.s.w.DefaultSecurityFilterChain –Will secure any request with [org.springframework.security.web.context.request.async.WebAsyncManagerIntegrationFilter@198524ec, org.springframework.security.web.context.SecurityContextPersistenceFilter@739be7ec, org.springframework.security.web.header.HeaderWriterFilter@da4c5cb, org.springframework.security.web.authentication.logout.LogoutFilter@145ef9e8, org.springframework.security.web.authentication.UsernamePasswordAuthenticationFilter@2f11d889, org.springframework.security.web.authentication.ui.DefaultLoginPageGeneratingFilter@29ce33e9, org.springframework.security.web.authentication.ui.DefaultLogoutPageGeneratingFilter@5edaa572, org.springframework.security.web.savedrequest.RequestCacheAwareFilter@2c7aba7c, org.springframework.security.web.servletapi.SecurityContextHolderAwareRequestFilter@3881b884, org.springframework.security.web.authentication.AnonymousAuthenticationFilter@1892865f, org.springframework.security.web.session.SessionManagementFilter@1a99692, org.springframework.security.web.access.ExceptionTranslationFilter@5a079446, org.springframework.security.web.access.intercept.FilterSecurityInterceptor@4f3e65f4]
10924 [main] INFO  o.s.s.c.ThreadPoolTaskExecutor –Initializing ExecutorService 'applicationTaskExecutor'
12344 [main] INFO  o.s.b.a.e.web.EndpointLinksResolver –Exposing 2 endpoint(s) beneath base path '/actuator'
12486 [main] INFO  o.s.s.a.ScheduledAnnotationBeanPostProcessor –No TaskScheduler/ScheduledExecutorService bean found for scheduled processing
12508 [main] INFO  c.example.demo.JavaApplicationTests –Started JavaApplicationTests in 11.254 seconds (JVM running for 14.03)
12519 [pool-1-thread-1] INFO  com.example.demo.log.Aspect –Parameters: {}
12536 [pool-1-thread-1] INFO  c.example.demo.service.bankService –Found all banks
12904 [pool-1-thread-1] INFO  com.example.demo.log.Aspect –Parameters: {}
12925 [pool-1-thread-1] INFO  c.example.demo.service.cardService –Found all cards
13044 [SpringContextShutdownHook] INFO  o.s.s.c.ThreadPoolTaskExecutor –Shutting down ExecutorService 'applicationTaskExecutor'
13054 [SpringContextShutdownHook] INFO  o.s.o.j.LocalContainerEntityManagerFactoryBean –Closing JPA EntityManagerFactory for persistence unit 'default'
13060 [SpringContextShutdownHook] INFO  com.zaxxer.hikari.HikariDataSource –HikariPool-1 - Shutdown initiated...
13073 [SpringContextShutdownHook] INFO  com.zaxxer.hikari.HikariDataSource –HikariPool-1 - Shutdown completed.
1193 [background-preinit] INFO  o.h.validator.internal.util.Version –HV000001: Hibernate Validator 6.1.7.Final
1196 [restartedMain] INFO  com.example.demo.JavaApplication –Starting JavaApplication using Java 15.0.2 on Best-Komp with PID 7196 (C:\Users\Admin\IdeaProjects\pr24\target\classes started by Admin in C:\Users\Admin\IdeaProjects\pr24)
1197 [restartedMain] INFO  com.example.demo.JavaApplication –No active profile set, falling back to default profiles: default
1283 [restartedMain] INFO  o.s.b.d.e.DevToolsPropertyDefaultsPostProcessor –Devtools property defaults active! Set 'spring.devtools.add-properties' to 'false' to disable
1284 [restartedMain] INFO  o.s.b.d.e.DevToolsPropertyDefaultsPostProcessor –For additional web related logging consider setting the 'logging.level.web' property to 'DEBUG'
2511 [restartedMain] INFO  o.s.d.r.c.RepositoryConfigurationDelegate –Bootstrapping Spring Data JPA repositories in DEFAULT mode.
2577 [restartedMain] INFO  o.s.d.r.c.RepositoryConfigurationDelegate –Finished Spring Data repository scanning in 58 ms. Found 3 JPA repository interfaces.
3243 [restartedMain] INFO  o.s.b.w.e.tomcat.TomcatWebServer –Tomcat initialized with port(s): 8080 (http)
3252 [restartedMain] INFO  o.a.coyote.http11.Http11NioProtocol –Initializing ProtocolHandler ["http-nio-8080"]
3252 [restartedMain] INFO  o.a.catalina.core.StandardService –Starting service [Tomcat]
3252 [restartedMain] INFO  o.a.catalina.core.StandardEngine –Starting Servlet engine: [Apache Tomcat/9.0.44]
3367 [restartedMain] INFO  o.a.c.c.C.[Tomcat].[localhost].[/] –Initializing Spring embedded WebApplicationContext
3367 [restartedMain] INFO  o.s.b.w.s.c.ServletWebServerApplicationContext –Root WebApplicationContext: initialization completed in 2081 ms
3603 [restartedMain] INFO  o.h.jpa.internal.util.LogHelper –HHH000204: Processing PersistenceUnitInfo [name: default]
3638 [restartedMain] INFO  org.hibernate.Version –HHH000412: Hibernate ORM core version 5.4.29.Final
3759 [restartedMain] INFO  o.h.annotations.common.Version –HCANN000001: Hibernate Commons Annotations {5.1.2.Final}
3844 [restartedMain] INFO  com.zaxxer.hikari.HikariDataSource –HikariPool-1 - Starting...
3996 [restartedMain] INFO  com.zaxxer.hikari.HikariDataSource –HikariPool-1 - Start completed.
4008 [restartedMain] INFO  org.hibernate.dialect.Dialect –HHH000400: Using dialect: org.hibernate.dialect.PostgreSQLDialect
4845 [restartedMain] INFO  o.h.e.t.j.p.i.JtaPlatformInitiator –HHH000490: Using JtaPlatform implementation: [org.hibernate.engine.transaction.jta.platform.internal.NoJtaPlatform]
4853 [restartedMain] INFO  o.s.o.j.LocalContainerEntityManagerFactoryBean –Initialized JPA EntityManagerFactory for persistence unit 'default'
5030 [restartedMain] INFO  o.s.b.d.a.OptionalLiveReloadServer –LiveReload server is running on port 35729
5492 [restartedMain] WARN  o.s.b.a.o.j.JpaBaseConfiguration$JpaWebConfiguration –spring.jpa.open-in-view is enabled by default. Therefore, database queries may be performed during view rendering. Explicitly configure spring.jpa.open-in-view to disable this warning
5682 [restartedMain] INFO  o.s.s.w.DefaultSecurityFilterChain –Will secure any request with [org.springframework.security.web.context.request.async.WebAsyncManagerIntegrationFilter@392936da, org.springframework.security.web.context.SecurityContextPersistenceFilter@8dd2abc, org.springframework.security.web.header.HeaderWriterFilter@ef1e400, org.springframework.security.web.authentication.logout.LogoutFilter@2801e625, org.springframework.security.web.authentication.UsernamePasswordAuthenticationFilter@797f97bd, org.springframework.security.web.authentication.ui.DefaultLoginPageGeneratingFilter@785fa3e6, org.springframework.security.web.authentication.ui.DefaultLogoutPageGeneratingFilter@1eddf43f, org.springframework.security.web.savedrequest.RequestCacheAwareFilter@4d32d10a, org.springframework.security.web.servletapi.SecurityContextHolderAwareRequestFilter@3abca776, org.springframework.security.web.authentication.AnonymousAuthenticationFilter@4637e1c3, org.springframework.security.web.session.SessionManagementFilter@6e4d9487, org.springframework.security.web.access.ExceptionTranslationFilter@7e05e84b, org.springframework.security.web.access.intercept.FilterSecurityInterceptor@30d49093]
5826 [restartedMain] INFO  o.s.s.c.ThreadPoolTaskExecutor –Initializing ExecutorService 'applicationTaskExecutor'
6280 [restartedMain] INFO  o.s.b.a.e.web.EndpointLinksResolver –Exposing 2 endpoint(s) beneath base path '/actuator'
6358 [restartedMain] INFO  o.a.coyote.http11.Http11NioProtocol –Starting ProtocolHandler ["http-nio-8080"]
6381 [restartedMain] INFO  o.s.b.w.e.tomcat.TomcatWebServer –Tomcat started on port(s): 8080 (http) with context path ''
6403 [restartedMain] INFO  o.s.s.a.ScheduledAnnotationBeanPostProcessor –No TaskScheduler/ScheduledExecutorService bean found for scheduled processing
6413 [restartedMain] INFO  com.example.demo.JavaApplication –Started JavaApplication in 5.833 seconds (JVM running for 7.243)
6418 [pool-1-thread-1] INFO  com.example.demo.log.Aspect –Parameters: {}
6427 [pool-1-thread-1] INFO  c.example.demo.service.bankService –Found all banks
6555 [pool-1-thread-1] INFO  com.example.demo.log.Aspect –Parameters: {}
6561 [pool-1-thread-1] INFO  c.example.demo.service.cardService –Found all cards
6821 [RMI TCP Connection(2)-172.18.33.49] INFO  o.a.c.c.C.[Tomcat].[localhost].[/] –Initializing Spring DispatcherServlet 'dispatcherServlet'
6822 [RMI TCP Connection(2)-172.18.33.49] INFO  o.s.web.servlet.DispatcherServlet –Initializing Servlet 'dispatcherServlet'
6824 [RMI TCP Connection(2)-172.18.33.49] INFO  o.s.web.servlet.DispatcherServlet –Completed initialization in 2 ms
20663 [http-nio-8080-exec-3] INFO  com.example.demo.log.Aspect –Parameters: doshikking
27521 [http-nio-8080-exec-5] INFO  com.example.demo.log.Aspect –Parameters: Bank(id=null, name=fdfdsf, address=cwecewc, cardList=null)
27521 [http-nio-8080-exec-5] INFO  c.example.demo.service.bankService –Added new bank Bank(id=null, name=fdfdsf, address=cwecewc, cardList=null)
31128 [http-nio-8080-exec-6] INFO  com.example.demo.log.Aspect –Parameters: {}
31128 [http-nio-8080-exec-6] INFO  c.example.demo.service.bankService –Found all banks
31131 [http-nio-8080-exec-6] INFO  com.example.demo.log.Aspect –Parameters: {}
31131 [http-nio-8080-exec-6] INFO  c.example.demo.service.cardService –Found all cards
239  [main] INFO  c.example.demo.service.bankService –Added new bank Bank(id=null, name=devil, address=null, cardList=null)
202  [main] INFO  c.example.demo.service.bankService –Added new bank Bank(id=null, name=devil, address=null, cardList=null)
216  [main] INFO  c.example.demo.service.bankService –Added new bank Bank(id=null, name=devil, address=null, cardList=null)
239  [main] INFO  c.example.demo.service.bankService –Added new bank Bank(id=null, name=devil, address=null, cardList=null)
246  [main] INFO  c.example.demo.service.bankService –Added new bank Bank(id=null, name=devil, address=null, cardList=null)
